<?xml version="1.0" encoding="UTF-8"?>
<!-- Generated by org.testng.reporters.JUnitXMLReporter -->
<testsuite ignored="6" hostname="LAPTOP-SQ88SI1L" failures="0" tests="3" name="Test" time="0.131" errors="0" timestamp="2025-01-05T18:35:23 IST">
  <testcase classname="Grouping.category" name="female" time="0.025"/>
  <testcase classname="Grouping.category" name="kids" time="0.003"/>
  <testcase classname="Grouping.category" name="male" time="0.003"/>
  <testcase classname="Grouping.Login" name="phoneno" time="0.0">
    <ignored/>
  </testcase> <!-- phoneno -->
  <testcase classname="Grouping.Login" name="email" time="0.0">
    <ignored/>
  </testcase> <!-- email -->
  <testcase classname="Grouping.Login" name="facebook" time="0.0">
    <ignored/>
  </testcase> <!-- facebook -->
  <testcase classname="Grouping.Payment" name="Googlepay" time="0.0">
    <ignored/>
  </testcase> <!-- Googlepay -->
  <testcase classname="Grouping.Payment" name="phonepay" time="0.0">
    <ignored/>
  </testcase> <!-- phonepay -->
  <testcase classname="Grouping.Payment" name="paytm" time="0.0">
    <ignored/>
  </testcase> <!-- paytm -->
</testsuite> <!-- Test -->
